<?xml version="1.0" encoding="UTF-8"?>
<!-- Generated by org.testng.reporters.JUnitReportReporter -->
<testsuite hostname="LAPTOP-HRHRPB70" failures="0" tests="1" name="testClasses.HomePageTestClass" time="15.560" errors="0" timestamp="2024-12-19T15:51:31 IST" skipped="0">
  <testcase classname="testClasses.HomePageTestClass" name="verifySuccessfullSignOut" time="15.560"/>
</testsuite> <!-- testClasses.HomePageTestClass -->
