<?xml version="1.0" encoding="UTF-8"?>
<!-- Generated by org.testng.reporters.JUnitReportReporter -->
<testsuite hostname="LAPTOP-HRHRPB70" failures="0" tests="1" name="testClasses.ProductPageTestClass" time="20.354" errors="0" timestamp="2024-12-19T16:41:55 IST" skipped="0">
  <testcase classname="testClasses.ProductPageTestClass" name="verifyToDeleteAddedProduct" time="20.354"/>
</testsuite> <!-- testClasses.ProductPageTestClass -->
